2026-02-08T18:18:30.536253Z  INFO tailwindcss_oxide::scanner: Provided sources:
2026-02-08T18:18:30.538034Z  INFO tailwindcss_oxide::scanner: Source: PublicSourceEntry { base: "C:\\Users\\Supervisor\\OneDrive - Mar Brasil\\Área de Trabalho\\Nova pasta\\mar-brasil-academy", pattern: "**/*", negated: false }
2026-02-08T18:18:30.542060Z  INFO tailwindcss_oxide::scanner: Optimized sources:
2026-02-08T18:18:30.542240Z  INFO tailwindcss_oxide::scanner: Source: Auto { base: "C:\\Users\\Supervisor\\OneDrive - Mar Brasil\\Área de Trabalho\\Nova pasta\\mar-brasil-academy" }
2026-02-08T18:18:30.566204Z  INFO scan_sources: tailwindcss_oxide::scanner: enter
2026-02-08T18:18:30.579201Z  INFO scan_sources: tailwindcss_oxide::scanner: Discovering "C:\\Users\\Supervisor\\OneDrive - Mar Brasil\\Área de Trabalho\\Nova pasta\\mar-brasil-academy\\conn_error.txt"
2026-02-08T18:18:30.579754Z  INFO scan_sources: tailwindcss_oxide::scanner: Discovering "C:\\Users\\Supervisor\\OneDrive - Mar Brasil\\Área de Trabalho\\Nova pasta\\mar-brasil-academy\\debug-db.js"
2026-02-08T18:18:30.580227Z  INFO scan_sources: tailwindcss_oxide::scanner: Discovering "C:\\Users\\Supervisor\\OneDrive - Mar Brasil\\Área de Trabalho\\Nova pasta\\mar-brasil-academy\\eslint.config.mjs"
2026-02-08T18:18:30.583035Z  INFO scan_sources: tailwindcss_oxide::scanner: Discovering "C:\\Users\\Supervisor\\OneDrive - Mar Brasil\\Área de Trabalho\\Nova pasta\\mar-brasil-academy\\next.config.ts"
2026-02-08T18:18:30.586403Z  INFO scan_sources: tailwindcss_oxide::scanner: Discovering "C:\\Users\\Supervisor\\OneDrive - Mar Brasil\\Área de Trabalho\\Nova pasta\\mar-brasil-academy\\package.json"
2026-02-08T18:18:30.587068Z  INFO scan_sources: tailwindcss_oxide::scanner: Discovering "C:\\Users\\Supervisor\\OneDrive - Mar Brasil\\Área de Trabalho\\Nova pasta\\mar-brasil-academy\\postcss.config.mjs"
2026-02-08T18:18:30.588136Z  INFO scan_sources: tailwindcss_oxide::scanner: Discovering "C:\\Users\\Supervisor\\OneDrive - Mar Brasil\\Área de Trabalho\\Nova pasta\\mar-brasil-academy\\prisma"
2026-02-08T18:18:30.589042Z  INFO scan_sources: tailwindcss_oxide::scanner: Discovering "C:\\Users\\Supervisor\\OneDrive - Mar Brasil\\Área de Trabalho\\Nova pasta\\mar-brasil-academy\\prisma\\schema.prisma"
2026-02-08T18:18:30.589661Z  INFO scan_sources: tailwindcss_oxide::scanner: Discovering "C:\\Users\\Supervisor\\OneDrive - Mar Brasil\\Área de Trabalho\\Nova pasta\\mar-brasil-academy\\prisma\\schema.prisma.test"
2026-02-08T18:18:30.591456Z  INFO scan_sources: tailwindcss_oxide::scanner: Discovering "C:\\Users\\Supervisor\\OneDrive - Mar Brasil\\Área de Trabalho\\Nova pasta\\mar-brasil-academy\\prisma\\schema.prisma.test2"
2026-02-08T18:18:30.592106Z  INFO scan_sources: tailwindcss_oxide::scanner: Discovering "C:\\Users\\Supervisor\\OneDrive - Mar Brasil\\Área de Trabalho\\Nova pasta\\mar-brasil-academy\\prisma\\schema.prisma.test3"
2026-02-08T18:18:30.592529Z  INFO scan_sources: tailwindcss_oxide::scanner: Discovering "C:\\Users\\Supervisor\\OneDrive - Mar Brasil\\Área de Trabalho\\Nova pasta\\mar-brasil-academy\\prisma\\schema.prisma.test4"
2026-02-08T18:18:30.593063Z  INFO scan_sources: tailwindcss_oxide::scanner: Discovering "C:\\Users\\Supervisor\\OneDrive - Mar Brasil\\Área de Trabalho\\Nova pasta\\mar-brasil-academy\\prisma\\seed.ts"
2026-02-08T18:18:30.593852Z  INFO scan_sources: tailwindcss_oxide::scanner: Discovering "C:\\Users\\Supervisor\\OneDrive - Mar Brasil\\Área de Trabalho\\Nova pasta\\mar-brasil-academy\\prisma_error.txt"
2026-02-08T18:18:30.594293Z  INFO scan_sources: tailwindcss_oxide::scanner: Discovering "C:\\Users\\Supervisor\\OneDrive - Mar Brasil\\Área de Trabalho\\Nova pasta\\mar-brasil-academy\\prisma_push_error.txt"
2026-02-08T18:18:30.594868Z  INFO scan_sources: tailwindcss_oxide::scanner: Discovering "C:\\Users\\Supervisor\\OneDrive - Mar Brasil\\Área de Trabalho\\Nova pasta\\mar-brasil-academy\\prisma_push_error_utf8.txt"
2026-02-08T18:18:30.595598Z  INFO scan_sources: tailwindcss_oxide::scanner: Discovering "C:\\Users\\Supervisor\\OneDrive - Mar Brasil\\Área de Trabalho\\Nova pasta\\mar-brasil-academy\\public"
2026-02-08T18:18:30.597210Z  INFO scan_sources: tailwindcss_oxide::scanner: Discovering "C:\\Users\\Supervisor\\OneDrive - Mar Brasil\\Área de Trabalho\\Nova pasta\\mar-brasil-academy\\public\\file.svg"
2026-02-08T18:18:30.597704Z  INFO scan_sources: tailwindcss_oxide::scanner: Discovering "C:\\Users\\Supervisor\\OneDrive - Mar Brasil\\Área de Trabalho\\Nova pasta\\mar-brasil-academy\\public\\globe.svg"
2026-02-08T18:18:30.598094Z  INFO scan_sources: tailwindcss_oxide::scanner: Discovering "C:\\Users\\Supervisor\\OneDrive - Mar Brasil\\Área de Trabalho\\Nova pasta\\mar-brasil-academy\\public\\next.svg"
2026-02-08T18:18:30.599508Z  INFO scan_sources: tailwindcss_oxide::scanner: Discovering "C:\\Users\\Supervisor\\OneDrive - Mar Brasil\\Área de Trabalho\\Nova pasta\\mar-brasil-academy\\public\\thumbnails"
2026-02-08T18:18:30.600430Z  INFO scan_sources: tailwindcss_oxide::scanner: Discovering "C:\\Users\\Supervisor\\OneDrive - Mar Brasil\\Área de Trabalho\\Nova pasta\\mar-brasil-academy\\public\\vercel.svg"
2026-02-08T18:18:30.601856Z  INFO scan_sources: tailwindcss_oxide::scanner: Discovering "C:\\Users\\Supervisor\\OneDrive - Mar Brasil\\Área de Trabalho\\Nova pasta\\mar-brasil-academy\\public\\window.svg"
2026-02-08T18:18:30.602671Z  INFO scan_sources: tailwindcss_oxide::scanner: Discovering "C:\\Users\\Supervisor\\OneDrive - Mar Brasil\\Área de Trabalho\\Nova pasta\\mar-brasil-academy\\push_debug.txt"
2026-02-08T18:18:30.603087Z  INFO scan_sources: tailwindcss_oxide::scanner: Discovering "C:\\Users\\Supervisor\\OneDrive - Mar Brasil\\Área de Trabalho\\Nova pasta\\mar-brasil-academy\\push_debug_full.txt"
2026-02-08T18:18:30.603425Z  INFO scan_sources: tailwindcss_oxide::scanner: Discovering "C:\\Users\\Supervisor\\OneDrive - Mar Brasil\\Área de Trabalho\\Nova pasta\\mar-brasil-academy\\push_result.txt"
2026-02-08T18:18:30.603747Z  INFO scan_sources: tailwindcss_oxide::scanner: Discovering "C:\\Users\\Supervisor\\OneDrive - Mar Brasil\\Área de Trabalho\\Nova pasta\\mar-brasil-academy\\README.md"
2026-02-08T18:18:30.604055Z  INFO scan_sources: tailwindcss_oxide::scanner: Discovering "C:\\Users\\Supervisor\\OneDrive - Mar Brasil\\Área de Trabalho\\Nova pasta\\mar-brasil-academy\\seed_error.txt"
2026-02-08T18:18:30.604645Z  INFO scan_sources: tailwindcss_oxide::scanner: Discovering "C:\\Users\\Supervisor\\OneDrive - Mar Brasil\\Área de Trabalho\\Nova pasta\\mar-brasil-academy\\src"
2026-02-08T18:18:30.605606Z  INFO scan_sources: tailwindcss_oxide::scanner: Discovering "C:\\Users\\Supervisor\\OneDrive - Mar Brasil\\Área de Trabalho\\Nova pasta\\mar-brasil-academy\\src\\app"
2026-02-08T18:18:30.606459Z  INFO scan_sources: tailwindcss_oxide::scanner: Discovering "C:\\Users\\Supervisor\\OneDrive - Mar Brasil\\Área de Trabalho\\Nova pasta\\mar-brasil-academy\\src\\app\\admin"
2026-02-08T18:18:30.607286Z  INFO scan_sources: tailwindcss_oxide::scanner: Discovering "C:\\Users\\Supervisor\\OneDrive - Mar Brasil\\Área de Trabalho\\Nova pasta\\mar-brasil-academy\\src\\app\\admin\\departments"
2026-02-08T18:18:30.607928Z  INFO scan_sources: tailwindcss_oxide::scanner: Discovering "C:\\Users\\Supervisor\\OneDrive - Mar Brasil\\Área de Trabalho\\Nova pasta\\mar-brasil-academy\\src\\app\\admin\\departments\\page.tsx"
2026-02-08T18:18:30.608504Z  INFO scan_sources: tailwindcss_oxide::scanner: Discovering "C:\\Users\\Supervisor\\OneDrive - Mar Brasil\\Área de Trabalho\\Nova pasta\\mar-brasil-academy\\src\\app\\admin\\layout.tsx"
2026-02-08T18:18:30.608873Z  INFO scan_sources: tailwindcss_oxide::scanner: Discovering "C:\\Users\\Supervisor\\OneDrive - Mar Brasil\\Área de Trabalho\\Nova pasta\\mar-brasil-academy\\src\\app\\admin\\page.tsx"
2026-02-08T18:18:30.609511Z  INFO scan_sources: tailwindcss_oxide::scanner: Discovering "C:\\Users\\Supervisor\\OneDrive - Mar Brasil\\Área de Trabalho\\Nova pasta\\mar-brasil-academy\\src\\app\\admin\\playlists"
2026-02-08T18:18:30.610423Z  INFO scan_sources: tailwindcss_oxide::scanner: Discovering "C:\\Users\\Supervisor\\OneDrive - Mar Brasil\\Área de Trabalho\\Nova pasta\\mar-brasil-academy\\src\\app\\admin\\playlists\\new"
2026-02-08T18:18:30.611216Z  INFO scan_sources: tailwindcss_oxide::scanner: Discovering "C:\\Users\\Supervisor\\OneDrive - Mar Brasil\\Área de Trabalho\\Nova pasta\\mar-brasil-academy\\src\\app\\admin\\playlists\\new\\page.tsx"
2026-02-08T18:18:30.611549Z  INFO scan_sources: tailwindcss_oxide::scanner: Discovering "C:\\Users\\Supervisor\\OneDrive - Mar Brasil\\Área de Trabalho\\Nova pasta\\mar-brasil-academy\\src\\app\\admin\\playlists\\page.tsx"
2026-02-08T18:18:30.612027Z  INFO scan_sources: tailwindcss_oxide::scanner: Discovering "C:\\Users\\Supervisor\\OneDrive - Mar Brasil\\Área de Trabalho\\Nova pasta\\mar-brasil-academy\\src\\app\\admin\\playlists\\[id]"
2026-02-08T18:18:30.612834Z  INFO scan_sources: tailwindcss_oxide::scanner: Discovering "C:\\Users\\Supervisor\\OneDrive - Mar Brasil\\Área de Trabalho\\Nova pasta\\mar-brasil-academy\\src\\app\\admin\\playlists\\[id]\\edit"
2026-02-08T18:18:30.613443Z  INFO scan_sources: tailwindcss_oxide::scanner: Discovering "C:\\Users\\Supervisor\\OneDrive - Mar Brasil\\Área de Trabalho\\Nova pasta\\mar-brasil-academy\\src\\app\\admin\\playlists\\[id]\\edit\\page.tsx"
2026-02-08T18:18:30.614228Z  INFO scan_sources: tailwindcss_oxide::scanner: Discovering "C:\\Users\\Supervisor\\OneDrive - Mar Brasil\\Área de Trabalho\\Nova pasta\\mar-brasil-academy\\src\\app\\admin\\users"
2026-02-08T18:18:30.614708Z  INFO scan_sources: tailwindcss_oxide::scanner: Discovering "C:\\Users\\Supervisor\\OneDrive - Mar Brasil\\Área de Trabalho\\Nova pasta\\mar-brasil-academy\\src\\app\\admin\\users\\page.tsx"
2026-02-08T18:18:30.615335Z  INFO scan_sources: tailwindcss_oxide::scanner: Discovering "C:\\Users\\Supervisor\\OneDrive - Mar Brasil\\Área de Trabalho\\Nova pasta\\mar-brasil-academy\\src\\app\\admin\\videos"
2026-02-08T18:18:30.615858Z  INFO scan_sources: tailwindcss_oxide::scanner: Discovering "C:\\Users\\Supervisor\\OneDrive - Mar Brasil\\Área de Trabalho\\Nova pasta\\mar-brasil-academy\\src\\app\\admin\\videos\\new"
2026-02-08T18:18:30.616437Z  INFO scan_sources: tailwindcss_oxide::scanner: Discovering "C:\\Users\\Supervisor\\OneDrive - Mar Brasil\\Área de Trabalho\\Nova pasta\\mar-brasil-academy\\src\\app\\admin\\videos\\new\\page.tsx"
2026-02-08T18:18:30.616861Z  INFO scan_sources: tailwindcss_oxide::scanner: Discovering "C:\\Users\\Supervisor\\OneDrive - Mar Brasil\\Área de Trabalho\\Nova pasta\\mar-brasil-academy\\src\\app\\admin\\videos\\page.tsx"
2026-02-08T18:18:30.617466Z  INFO scan_sources: tailwindcss_oxide::scanner: Discovering "C:\\Users\\Supervisor\\OneDrive - Mar Brasil\\Área de Trabalho\\Nova pasta\\mar-brasil-academy\\src\\app\\admin\\videos\\[id]"
2026-02-08T18:18:30.618370Z  INFO scan_sources: tailwindcss_oxide::scanner: Discovering "C:\\Users\\Supervisor\\OneDrive - Mar Brasil\\Área de Trabalho\\Nova pasta\\mar-brasil-academy\\src\\app\\admin\\videos\\[id]\\edit"
2026-02-08T18:18:30.619106Z  INFO scan_sources: tailwindcss_oxide::scanner: Discovering "C:\\Users\\Supervisor\\OneDrive - Mar Brasil\\Área de Trabalho\\Nova pasta\\mar-brasil-academy\\src\\app\\admin\\videos\\[id]\\edit\\page.tsx"
2026-02-08T18:18:30.619947Z  INFO scan_sources: tailwindcss_oxide::scanner: Discovering "C:\\Users\\Supervisor\\OneDrive - Mar Brasil\\Área de Trabalho\\Nova pasta\\mar-brasil-academy\\src\\app\\admin\\videos\\[id]\\quiz"
2026-02-08T18:18:30.620643Z  INFO scan_sources: tailwindcss_oxide::scanner: Discovering "C:\\Users\\Supervisor\\OneDrive - Mar Brasil\\Área de Trabalho\\Nova pasta\\mar-brasil-academy\\src\\app\\admin\\videos\\[id]\\quiz\\page.tsx"
2026-02-08T18:18:30.621764Z  INFO scan_sources: tailwindcss_oxide::scanner: Discovering "C:\\Users\\Supervisor\\OneDrive - Mar Brasil\\Área de Trabalho\\Nova pasta\\mar-brasil-academy\\src\\app\\api"
2026-02-08T18:18:30.622743Z  INFO scan_sources: tailwindcss_oxide::scanner: Discovering "C:\\Users\\Supervisor\\OneDrive - Mar Brasil\\Área de Trabalho\\Nova pasta\\mar-brasil-academy\\src\\app\\api\\admin"
2026-02-08T18:18:30.623839Z  INFO scan_sources: tailwindcss_oxide::scanner: Discovering "C:\\Users\\Supervisor\\OneDrive - Mar Brasil\\Área de Trabalho\\Nova pasta\\mar-brasil-academy\\src\\app\\api\\admin\\departments"
2026-02-08T18:18:30.624594Z  INFO scan_sources: tailwindcss_oxide::scanner: Discovering "C:\\Users\\Supervisor\\OneDrive - Mar Brasil\\Área de Trabalho\\Nova pasta\\mar-brasil-academy\\src\\app\\api\\admin\\departments\\route.ts"
2026-02-08T18:18:30.625261Z  INFO scan_sources: tailwindcss_oxide::scanner: Discovering "C:\\Users\\Supervisor\\OneDrive - Mar Brasil\\Área de Trabalho\\Nova pasta\\mar-brasil-academy\\src\\app\\api\\admin\\departments\\[id]"
2026-02-08T18:18:30.626160Z  INFO scan_sources: tailwindcss_oxide::scanner: Discovering "C:\\Users\\Supervisor\\OneDrive - Mar Brasil\\Área de Trabalho\\Nova pasta\\mar-brasil-academy\\src\\app\\api\\admin\\departments\\[id]\\route.ts"
2026-02-08T18:18:30.627048Z  INFO scan_sources: tailwindcss_oxide::scanner: Discovering "C:\\Users\\Supervisor\\OneDrive - Mar Brasil\\Área de Trabalho\\Nova pasta\\mar-brasil-academy\\src\\app\\api\\admin\\playlists"
2026-02-08T18:18:30.627979Z  INFO scan_sources: tailwindcss_oxide::scanner: Discovering "C:\\Users\\Supervisor\\OneDrive - Mar Brasil\\Área de Trabalho\\Nova pasta\\mar-brasil-academy\\src\\app\\api\\admin\\playlists\\route.ts"
2026-02-08T18:18:30.628599Z  INFO scan_sources: tailwindcss_oxide::scanner: Discovering "C:\\Users\\Supervisor\\OneDrive - Mar Brasil\\Área de Trabalho\\Nova pasta\\mar-brasil-academy\\src\\app\\api\\admin\\playlists\\[id]"
2026-02-08T18:18:30.629426Z  INFO scan_sources: tailwindcss_oxide::scanner: Discovering "C:\\Users\\Supervisor\\OneDrive - Mar Brasil\\Área de Trabalho\\Nova pasta\\mar-brasil-academy\\src\\app\\api\\admin\\playlists\\[id]\\route.ts"
2026-02-08T18:18:30.630272Z  INFO scan_sources: tailwindcss_oxide::scanner: Discovering "C:\\Users\\Supervisor\\OneDrive - Mar Brasil\\Área de Trabalho\\Nova pasta\\mar-brasil-academy\\src\\app\\api\\admin\\stats"
2026-02-08T18:18:30.630956Z  INFO scan_sources: tailwindcss_oxide::scanner: Discovering "C:\\Users\\Supervisor\\OneDrive - Mar Brasil\\Área de Trabalho\\Nova pasta\\mar-brasil-academy\\src\\app\\api\\admin\\stats\\route.ts"
2026-02-08T18:18:30.631722Z  INFO scan_sources: tailwindcss_oxide::scanner: Discovering "C:\\Users\\Supervisor\\OneDrive - Mar Brasil\\Área de Trabalho\\Nova pasta\\mar-brasil-academy\\src\\app\\api\\admin\\users"
2026-02-08T18:18:30.632461Z  INFO scan_sources: tailwindcss_oxide::scanner: Discovering "C:\\Users\\Supervisor\\OneDrive - Mar Brasil\\Área de Trabalho\\Nova pasta\\mar-brasil-academy\\src\\app\\api\\admin\\users\\route.ts"
2026-02-08T18:18:30.633088Z  INFO scan_sources: tailwindcss_oxide::scanner: Discovering "C:\\Users\\Supervisor\\OneDrive - Mar Brasil\\Área de Trabalho\\Nova pasta\\mar-brasil-academy\\src\\app\\api\\admin\\users\\[id]"
2026-02-08T18:18:30.633868Z  INFO scan_sources: tailwindcss_oxide::scanner: Discovering "C:\\Users\\Supervisor\\OneDrive - Mar Brasil\\Área de Trabalho\\Nova pasta\\mar-brasil-academy\\src\\app\\api\\admin\\users\\[id]\\route.ts"
2026-02-08T18:18:30.634731Z  INFO scan_sources: tailwindcss_oxide::scanner: Discovering "C:\\Users\\Supervisor\\OneDrive - Mar Brasil\\Área de Trabalho\\Nova pasta\\mar-brasil-academy\\src\\app\\api\\admin\\videos"
2026-02-08T18:18:30.635497Z  INFO scan_sources: tailwindcss_oxide::scanner: Discovering "C:\\Users\\Supervisor\\OneDrive - Mar Brasil\\Área de Trabalho\\Nova pasta\\mar-brasil-academy\\src\\app\\api\\admin\\videos\\route.ts"
2026-02-08T18:18:30.635969Z  INFO scan_sources: tailwindcss_oxide::scanner: Discovering "C:\\Users\\Supervisor\\OneDrive - Mar Brasil\\Área de Trabalho\\Nova pasta\\mar-brasil-academy\\src\\app\\api\\admin\\videos\\[id]"
2026-02-08T18:18:30.636779Z  INFO scan_sources: tailwindcss_oxide::scanner: Discovering "C:\\Users\\Supervisor\\OneDrive - Mar Brasil\\Área de Trabalho\\Nova pasta\\mar-brasil-academy\\src\\app\\api\\admin\\videos\\[id]\\quiz"
2026-02-08T18:18:30.637474Z  INFO scan_sources: tailwindcss_oxide::scanner: Discovering "C:\\Users\\Supervisor\\OneDrive - Mar Brasil\\Área de Trabalho\\Nova pasta\\mar-brasil-academy\\src\\app\\api\\admin\\videos\\[id]\\quiz\\route.ts"
2026-02-08T18:18:30.638589Z  INFO scan_sources: tailwindcss_oxide::scanner: Discovering "C:\\Users\\Supervisor\\OneDrive - Mar Brasil\\Área de Trabalho\\Nova pasta\\mar-brasil-academy\\src\\app\\api\\admin\\videos\\[id]\\route.ts"
2026-02-08T18:18:30.639753Z  INFO scan_sources: tailwindcss_oxide::scanner: Discovering "C:\\Users\\Supervisor\\OneDrive - Mar Brasil\\Área de Trabalho\\Nova pasta\\mar-brasil-academy\\src\\app\\api\\auth"
2026-02-08T18:18:30.640859Z  INFO scan_sources: tailwindcss_oxide::scanner: Discovering "C:\\Users\\Supervisor\\OneDrive - Mar Brasil\\Área de Trabalho\\Nova pasta\\mar-brasil-academy\\src\\app\\api\\auth\\me"
2026-02-08T18:18:30.641471Z  INFO scan_sources: tailwindcss_oxide::scanner: Discovering "C:\\Users\\Supervisor\\OneDrive - Mar Brasil\\Área de Trabalho\\Nova pasta\\mar-brasil-academy\\src\\app\\api\\auth\\me\\route.ts"
2026-02-08T18:18:30.642224Z  INFO scan_sources: tailwindcss_oxide::scanner: Discovering "C:\\Users\\Supervisor\\OneDrive - Mar Brasil\\Área de Trabalho\\Nova pasta\\mar-brasil-academy\\src\\app\\api\\auth\\signin"
2026-02-08T18:18:30.642888Z  INFO scan_sources: tailwindcss_oxide::scanner: Discovering "C:\\Users\\Supervisor\\OneDrive - Mar Brasil\\Área de Trabalho\\Nova pasta\\mar-brasil-academy\\src\\app\\api\\auth\\signin\\route.ts"
2026-02-08T18:18:30.643599Z  INFO scan_sources: tailwindcss_oxide::scanner: Discovering "C:\\Users\\Supervisor\\OneDrive - Mar Brasil\\Área de Trabalho\\Nova pasta\\mar-brasil-academy\\src\\app\\api\\auth\\signout"
2026-02-08T18:18:30.644457Z  INFO scan_sources: tailwindcss_oxide::scanner: Discovering "C:\\Users\\Supervisor\\OneDrive - Mar Brasil\\Área de Trabalho\\Nova pasta\\mar-brasil-academy\\src\\app\\api\\auth\\signout\\route.ts"
2026-02-08T18:18:30.645231Z  INFO scan_sources: tailwindcss_oxide::scanner: Discovering "C:\\Users\\Supervisor\\OneDrive - Mar Brasil\\Área de Trabalho\\Nova pasta\\mar-brasil-academy\\src\\app\\api\\auth\\signup"
2026-02-08T18:18:30.645937Z  INFO scan_sources: tailwindcss_oxide::scanner: Discovering "C:\\Users\\Supervisor\\OneDrive - Mar Brasil\\Área de Trabalho\\Nova pasta\\mar-brasil-academy\\src\\app\\api\\auth\\signup\\route.ts"
2026-02-08T18:18:30.646837Z  INFO scan_sources: tailwindcss_oxide::scanner: Discovering "C:\\Users\\Supervisor\\OneDrive - Mar Brasil\\Área de Trabalho\\Nova pasta\\mar-brasil-academy\\src\\app\\api\\playlists"
2026-02-08T18:18:30.647576Z  INFO scan_sources: tailwindcss_oxide::scanner: Discovering "C:\\Users\\Supervisor\\OneDrive - Mar Brasil\\Área de Trabalho\\Nova pasta\\mar-brasil-academy\\src\\app\\api\\playlists\\route.ts"
2026-02-08T18:18:30.648428Z  INFO scan_sources: tailwindcss_oxide::scanner: Discovering "C:\\Users\\Supervisor\\OneDrive - Mar Brasil\\Área de Trabalho\\Nova pasta\\mar-brasil-academy\\src\\app\\api\\test-db"
2026-02-08T18:18:30.649121Z  INFO scan_sources: tailwindcss_oxide::scanner: Discovering "C:\\Users\\Supervisor\\OneDrive - Mar Brasil\\Área de Trabalho\\Nova pasta\\mar-brasil-academy\\src\\app\\api\\test-db\\route.ts"
2026-02-08T18:18:30.649984Z  INFO scan_sources: tailwindcss_oxide::scanner: Discovering "C:\\Users\\Supervisor\\OneDrive - Mar Brasil\\Área de Trabalho\\Nova pasta\\mar-brasil-academy\\src\\app\\api\\video-progress"
2026-02-08T18:18:30.650789Z  INFO scan_sources: tailwindcss_oxide::scanner: Discovering "C:\\Users\\Supervisor\\OneDrive - Mar Brasil\\Área de Trabalho\\Nova pasta\\mar-brasil-academy\\src\\app\\api\\video-progress\\route.ts"
2026-02-08T18:18:30.653191Z  INFO scan_sources: tailwindcss_oxide::scanner: Discovering "C:\\Users\\Supervisor\\OneDrive - Mar Brasil\\Área de Trabalho\\Nova pasta\\mar-brasil-academy\\src\\app\\api\\videos"
2026-02-08T18:18:30.654878Z  INFO scan_sources: tailwindcss_oxide::scanner: Discovering "C:\\Users\\Supervisor\\OneDrive - Mar Brasil\\Área de Trabalho\\Nova pasta\\mar-brasil-academy\\src\\app\\api\\videos\\route.ts"
2026-02-08T18:18:30.655808Z  INFO scan_sources: tailwindcss_oxide::scanner: Discovering "C:\\Users\\Supervisor\\OneDrive - Mar Brasil\\Área de Trabalho\\Nova pasta\\mar-brasil-academy\\src\\app\\api\\videos\\[id]"
2026-02-08T18:18:30.656641Z  INFO scan_sources: tailwindcss_oxide::scanner: Discovering "C:\\Users\\Supervisor\\OneDrive - Mar Brasil\\Área de Trabalho\\Nova pasta\\mar-brasil-academy\\src\\app\\api\\videos\\[id]\\route.ts"
2026-02-08T18:18:30.657705Z  INFO scan_sources: tailwindcss_oxide::scanner: Discovering "C:\\Users\\Supervisor\\OneDrive - Mar Brasil\\Área de Trabalho\\Nova pasta\\mar-brasil-academy\\src\\app\\api\\videos\\[id]\\submit-quiz"
2026-02-08T18:18:30.659378Z  INFO scan_sources: tailwindcss_oxide::scanner: Discovering "C:\\Users\\Supervisor\\OneDrive - Mar Brasil\\Área de Trabalho\\Nova pasta\\mar-brasil-academy\\src\\app\\api\\videos\\[id]\\submit-quiz\\route.ts"
2026-02-08T18:18:30.660890Z  INFO scan_sources: tailwindcss_oxide::scanner: Discovering "C:\\Users\\Supervisor\\OneDrive - Mar Brasil\\Área de Trabalho\\Nova pasta\\mar-brasil-academy\\src\\app\\globals.css"
2026-02-08T18:18:30.661866Z  INFO scan_sources: tailwindcss_oxide::scanner: Discovering "C:\\Users\\Supervisor\\OneDrive - Mar Brasil\\Área de Trabalho\\Nova pasta\\mar-brasil-academy\\src\\app\\layout.tsx"
2026-02-08T18:18:30.662431Z  INFO scan_sources: tailwindcss_oxide::scanner: Discovering "C:\\Users\\Supervisor\\OneDrive - Mar Brasil\\Área de Trabalho\\Nova pasta\\mar-brasil-academy\\src\\app\\page.tsx"
2026-02-08T18:18:30.663105Z  INFO scan_sources: tailwindcss_oxide::scanner: Discovering "C:\\Users\\Supervisor\\OneDrive - Mar Brasil\\Área de Trabalho\\Nova pasta\\mar-brasil-academy\\src\\app\\signin"
2026-02-08T18:18:30.663921Z  INFO scan_sources: tailwindcss_oxide::scanner: Discovering "C:\\Users\\Supervisor\\OneDrive - Mar Brasil\\Área de Trabalho\\Nova pasta\\mar-brasil-academy\\src\\app\\signin\\page.tsx"
2026-02-08T18:18:30.664651Z  INFO scan_sources: tailwindcss_oxide::scanner: Discovering "C:\\Users\\Supervisor\\OneDrive - Mar Brasil\\Área de Trabalho\\Nova pasta\\mar-brasil-academy\\src\\app\\signup"
2026-02-08T18:18:30.665699Z  INFO scan_sources: tailwindcss_oxide::scanner: Discovering "C:\\Users\\Supervisor\\OneDrive - Mar Brasil\\Área de Trabalho\\Nova pasta\\mar-brasil-academy\\src\\app\\signup\\page.tsx"
2026-02-08T18:18:30.667022Z  INFO scan_sources: tailwindcss_oxide::scanner: Discovering "C:\\Users\\Supervisor\\OneDrive - Mar Brasil\\Área de Trabalho\\Nova pasta\\mar-brasil-academy\\src\\app\\watch"
2026-02-08T18:18:30.668868Z  INFO scan_sources: tailwindcss_oxide::scanner: Discovering "C:\\Users\\Supervisor\\OneDrive - Mar Brasil\\Área de Trabalho\\Nova pasta\\mar-brasil-academy\\src\\app\\watch\\[id]"
2026-02-08T18:18:30.669799Z  INFO scan_sources: tailwindcss_oxide::scanner: Discovering "C:\\Users\\Supervisor\\OneDrive - Mar Brasil\\Área de Trabalho\\Nova pasta\\mar-brasil-academy\\src\\app\\watch\\[id]\\page.tsx"
2026-02-08T18:18:30.671637Z  INFO scan_sources: tailwindcss_oxide::scanner: Discovering "C:\\Users\\Supervisor\\OneDrive - Mar Brasil\\Área de Trabalho\\Nova pasta\\mar-brasil-academy\\src\\components"
2026-02-08T18:18:30.673309Z  INFO scan_sources: tailwindcss_oxide::scanner: Discovering "C:\\Users\\Supervisor\\OneDrive - Mar Brasil\\Área de Trabalho\\Nova pasta\\mar-brasil-academy\\src\\components\\admin"
2026-02-08T18:18:30.674379Z  INFO scan_sources: tailwindcss_oxide::scanner: Discovering "C:\\Users\\Supervisor\\OneDrive - Mar Brasil\\Área de Trabalho\\Nova pasta\\mar-brasil-academy\\src\\components\\admin\\Sidebar.tsx"
2026-02-08T18:18:30.674784Z  INFO scan_sources: tailwindcss_oxide::scanner: Discovering "C:\\Users\\Supervisor\\OneDrive - Mar Brasil\\Área de Trabalho\\Nova pasta\\mar-brasil-academy\\src\\components\\admin\\UserSelectorModal.tsx"
2026-02-08T18:18:30.675364Z  INFO scan_sources: tailwindcss_oxide::scanner: Discovering "C:\\Users\\Supervisor\\OneDrive - Mar Brasil\\Área de Trabalho\\Nova pasta\\mar-brasil-academy\\src\\components\\DevToolsBlocker.tsx"
2026-02-08T18:18:30.675732Z  INFO scan_sources: tailwindcss_oxide::scanner: Discovering "C:\\Users\\Supervisor\\OneDrive - Mar Brasil\\Área de Trabalho\\Nova pasta\\mar-brasil-academy\\src\\components\\Navbar.tsx"
2026-02-08T18:18:30.677194Z  INFO scan_sources: tailwindcss_oxide::scanner: Discovering "C:\\Users\\Supervisor\\OneDrive - Mar Brasil\\Área de Trabalho\\Nova pasta\\mar-brasil-academy\\src\\components\\player"
2026-02-08T18:18:30.678038Z  INFO scan_sources: tailwindcss_oxide::scanner: Discovering "C:\\Users\\Supervisor\\OneDrive - Mar Brasil\\Área de Trabalho\\Nova pasta\\mar-brasil-academy\\src\\components\\player\\YouTubePlayer.tsx"
2026-02-08T18:18:30.679239Z  INFO scan_sources: tailwindcss_oxide::scanner: Discovering "C:\\Users\\Supervisor\\OneDrive - Mar Brasil\\Área de Trabalho\\Nova pasta\\mar-brasil-academy\\src\\components\\ThemeProvider.tsx"
2026-02-08T18:18:30.679747Z  INFO scan_sources: tailwindcss_oxide::scanner: Discovering "C:\\Users\\Supervisor\\OneDrive - Mar Brasil\\Área de Trabalho\\Nova pasta\\mar-brasil-academy\\src\\components\\ThemeToggle.tsx"
2026-02-08T18:18:30.681492Z  INFO scan_sources: tailwindcss_oxide::scanner: Discovering "C:\\Users\\Supervisor\\OneDrive - Mar Brasil\\Área de Trabalho\\Nova pasta\\mar-brasil-academy\\src\\lib"
2026-02-08T18:18:30.682703Z  INFO scan_sources: tailwindcss_oxide::scanner: Discovering "C:\\Users\\Supervisor\\OneDrive - Mar Brasil\\Área de Trabalho\\Nova pasta\\mar-brasil-academy\\src\\lib\\auth.ts"
2026-02-08T18:18:30.684238Z  INFO scan_sources: tailwindcss_oxide::scanner: Discovering "C:\\Users\\Supervisor\\OneDrive - Mar Brasil\\Área de Trabalho\\Nova pasta\\mar-brasil-academy\\src\\lib\\prisma.ts"
2026-02-08T18:18:30.685340Z  INFO scan_sources: tailwindcss_oxide::scanner: Discovering "C:\\Users\\Supervisor\\OneDrive - Mar Brasil\\Área de Trabalho\\Nova pasta\\mar-brasil-academy\\test-db.js"
2026-02-08T18:18:30.686011Z  INFO scan_sources: tailwindcss_oxide::scanner: Discovering "C:\\Users\\Supervisor\\OneDrive - Mar Brasil\\Área de Trabalho\\Nova pasta\\mar-brasil-academy\\test_output.txt"
2026-02-08T18:18:30.686946Z  INFO scan_sources: tailwindcss_oxide::scanner: Discovering "C:\\Users\\Supervisor\\OneDrive - Mar Brasil\\Área de Trabalho\\Nova pasta\\mar-brasil-academy\\tsconfig.json"
2026-02-08T18:18:30.687702Z  INFO scan_sources: tailwindcss_oxide::scanner: exit
2026-02-08T18:18:30.687772Z  INFO extract_candidates: tailwindcss_oxide::scanner: enter
2026-02-08T18:18:30.687810Z  INFO extract_candidates:read_all_files: tailwindcss_oxide::scanner: enter
2026-02-08T18:18:30.687835Z  INFO extract_candidates:read_all_files: tailwindcss_oxide::scanner: Reading 73 file(s)
2026-02-08T18:18:30.692438Z  INFO tailwindcss_oxide::scanner: Reading "C:\\Users\\Supervisor\\OneDrive - Mar Brasil\\Área de Trabalho\\Nova pasta\\mar-brasil-academy\\next.config.ts"
2026-02-08T18:18:30.692486Z  INFO tailwindcss_oxide::scanner: Reading "C:\\Users\\Supervisor\\OneDrive - Mar Brasil\\Área de Trabalho\\Nova pasta\\mar-brasil-academy\\eslint.config.mjs"
2026-02-08T18:18:30.692749Z  INFO tailwindcss_oxide::scanner: Reading "C:\\Users\\Supervisor\\OneDrive - Mar Brasil\\Área de Trabalho\\Nova pasta\\mar-brasil-academy\\prisma\\schema.prisma.test3"
2026-02-08T18:18:30.692843Z  INFO tailwindcss_oxide::scanner: Reading "C:\\Users\\Supervisor\\OneDrive - Mar Brasil\\Área de Trabalho\\Nova pasta\\mar-brasil-academy\\src\\app\\api\\auth\\signup\\route.ts"
2026-02-08T18:18:30.692879Z  INFO tailwindcss_oxide::scanner: Reading "C:\\Users\\Supervisor\\OneDrive - Mar Brasil\\Área de Trabalho\\Nova pasta\\mar-brasil-academy\\src\\app\\api\\admin\\videos\\[id]\\route.ts"
2026-02-08T18:18:30.693401Z  INFO tailwindcss_oxide::scanner: Reading "C:\\Users\\Supervisor\\OneDrive - Mar Brasil\\Área de Trabalho\\Nova pasta\\mar-brasil-academy\\package.json"
2026-02-08T18:18:30.693486Z  INFO tailwindcss_oxide::scanner: Reading "C:\\Users\\Supervisor\\OneDrive - Mar Brasil\\Área de Trabalho\\Nova pasta\\mar-brasil-academy\\conn_error.txt"
2026-02-08T18:18:30.693486Z  INFO tailwindcss_oxide::scanner: Reading "C:\\Users\\Supervisor\\OneDrive - Mar Brasil\\Área de Trabalho\\Nova pasta\\mar-brasil-academy\\debug-db.js"
2026-02-08T18:18:30.693656Z  INFO tailwindcss_oxide::scanner: Reading "C:\\Users\\Supervisor\\OneDrive - Mar Brasil\\Área de Trabalho\\Nova pasta\\mar-brasil-academy\\public\\vercel.svg"
2026-02-08T18:18:30.693645Z  INFO tailwindcss_oxide::scanner: Reading "C:\\Users\\Supervisor\\OneDrive - Mar Brasil\\Área de Trabalho\\Nova pasta\\mar-brasil-academy\\public\\file.svg"
2026-02-08T18:18:30.693830Z  INFO tailwindcss_oxide::scanner: Reading "C:\\Users\\Supervisor\\OneDrive - Mar Brasil\\Área de Trabalho\\Nova pasta\\mar-brasil-academy\\prisma_push_error.txt"
2026-02-08T18:18:30.693851Z  INFO tailwindcss_oxide::scanner: Reading "C:\\Users\\Supervisor\\OneDrive - Mar Brasil\\Área de Trabalho\\Nova pasta\\mar-brasil-academy\\src\\app\\api\\videos\\[id]\\route.ts"
2026-02-08T18:18:30.694051Z  INFO tailwindcss_oxide::scanner: Reading "C:\\Users\\Supervisor\\OneDrive - Mar Brasil\\Área de Trabalho\\Nova pasta\\mar-brasil-academy\\src\\app\\api\\playlists\\route.ts"
2026-02-08T18:18:30.693771Z  INFO tailwindcss_oxide::scanner: Reading "C:\\Users\\Supervisor\\OneDrive - Mar Brasil\\Área de Trabalho\\Nova pasta\\mar-brasil-academy\\src\\app\\api\\admin\\departments\\route.ts"
2026-02-08T18:18:30.694291Z  INFO tailwindcss_oxide::scanner: Reading "C:\\Users\\Supervisor\\OneDrive - Mar Brasil\\Área de Trabalho\\Nova pasta\\mar-brasil-academy\\prisma_push_error_utf8.txt"
2026-02-08T18:18:30.694348Z  INFO tailwindcss_oxide::scanner: Reading "C:\\Users\\Supervisor\\OneDrive - Mar Brasil\\Área de Trabalho\\Nova pasta\\mar-brasil-academy\\prisma\\schema.prisma.test4"
2026-02-08T18:18:30.694406Z  INFO tailwindcss_oxide::scanner: Reading "C:\\Users\\Supervisor\\OneDrive - Mar Brasil\\Área de Trabalho\\Nova pasta\\mar-brasil-academy\\src\\app\\api\\videos\\[id]\\submit-quiz\\route.ts"
2026-02-08T18:18:30.694479Z  INFO tailwindcss_oxide::scanner: Reading "C:\\Users\\Supervisor\\OneDrive - Mar Brasil\\Área de Trabalho\\Nova pasta\\mar-brasil-academy\\src\\app\\api\\test-db\\route.ts"
2026-02-08T18:18:30.694071Z  INFO tailwindcss_oxide::scanner: Reading "C:\\Users\\Supervisor\\OneDrive - Mar Brasil\\Área de Trabalho\\Nova pasta\\mar-brasil-academy\\src\\app\\api\\auth\\me\\route.ts"
2026-02-08T18:18:30.694621Z  INFO tailwindcss_oxide::scanner: Reading "C:\\Users\\Supervisor\\OneDrive - Mar Brasil\\Área de Trabalho\\Nova pasta\\mar-brasil-academy\\public\\window.svg"
2026-02-08T18:18:30.694764Z  INFO tailwindcss_oxide::scanner: Reading "C:\\Users\\Supervisor\\OneDrive - Mar Brasil\\Área de Trabalho\\Nova pasta\\mar-brasil-academy\\prisma\\seed.ts"
2026-02-08T18:18:30.694787Z  INFO tailwindcss_oxide::scanner: Reading "C:\\Users\\Supervisor\\OneDrive - Mar Brasil\\Área de Trabalho\\Nova pasta\\mar-brasil-academy\\public\\globe.svg"
2026-02-08T18:18:30.694806Z  INFO tailwindcss_oxide::scanner: Reading "C:\\Users\\Supervisor\\OneDrive - Mar Brasil\\Área de Trabalho\\Nova pasta\\mar-brasil-academy\\src\\app\\layout.tsx"
2026-02-08T18:18:30.694522Z  INFO tailwindcss_oxide::scanner: Reading "C:\\Users\\Supervisor\\OneDrive - Mar Brasil\\Área de Trabalho\\Nova pasta\\mar-brasil-academy\\src\\app\\api\\admin\\departments\\[id]\\route.ts"
2026-02-08T18:18:30.695004Z  INFO tailwindcss_oxide::scanner: Reading "C:\\Users\\Supervisor\\OneDrive - Mar Brasil\\Área de Trabalho\\Nova pasta\\mar-brasil-academy\\src\\app\\signin\\page.tsx"
2026-02-08T18:18:30.695077Z  INFO tailwindcss_oxide::scanner: Reading "C:\\Users\\Supervisor\\OneDrive - Mar Brasil\\Área de Trabalho\\Nova pasta\\mar-brasil-academy\\push_debug.txt"
2026-02-08T18:18:30.695094Z  INFO tailwindcss_oxide::scanner: Reading "C:\\Users\\Supervisor\\OneDrive - Mar Brasil\\Área de Trabalho\\Nova pasta\\mar-brasil-academy\\postcss.config.mjs"
2026-02-08T18:18:30.695139Z  INFO tailwindcss_oxide::scanner: Reading "C:\\Users\\Supervisor\\OneDrive - Mar Brasil\\Área de Trabalho\\Nova pasta\\mar-brasil-academy\\public\\next.svg"
2026-02-08T18:18:30.695160Z  INFO tailwindcss_oxide::scanner: Reading "C:\\Users\\Supervisor\\OneDrive - Mar Brasil\\Área de Trabalho\\Nova pasta\\mar-brasil-academy\\prisma_error.txt"
2026-02-08T18:18:30.694519Z  INFO tailwindcss_oxide::scanner: Reading "C:\\Users\\Supervisor\\OneDrive - Mar Brasil\\Área de Trabalho\\Nova pasta\\mar-brasil-academy\\src\\lib\\auth.ts"
2026-02-08T18:18:30.695662Z  INFO tailwindcss_oxide::scanner: Reading "C:\\Users\\Supervisor\\OneDrive - Mar Brasil\\Área de Trabalho\\Nova pasta\\mar-brasil-academy\\src\\app\\api\\auth\\signout\\route.ts"
2026-02-08T18:18:30.696040Z  INFO tailwindcss_oxide::scanner: Reading "C:\\Users\\Supervisor\\OneDrive - Mar Brasil\\Área de Trabalho\\Nova pasta\\mar-brasil-academy\\src\\components\\DevToolsBlocker.tsx"
2026-02-08T18:18:30.696169Z  INFO tailwindcss_oxide::scanner: Reading "C:\\Users\\Supervisor\\OneDrive - Mar Brasil\\Área de Trabalho\\Nova pasta\\mar-brasil-academy\\src\\app\\page.tsx"
2026-02-08T18:18:30.696210Z  INFO tailwindcss_oxide::scanner: Reading "C:\\Users\\Supervisor\\OneDrive - Mar Brasil\\Área de Trabalho\\Nova pasta\\mar-brasil-academy\\prisma\\schema.prisma"
2026-02-08T18:18:30.696184Z  INFO tailwindcss_oxide::scanner: Reading "C:\\Users\\Supervisor\\OneDrive - Mar Brasil\\Área de Trabalho\\Nova pasta\\mar-brasil-academy\\src\\app\\api\\video-progress\\route.ts"
2026-02-08T18:18:30.696198Z  INFO tailwindcss_oxide::scanner: Reading "C:\\Users\\Supervisor\\OneDrive - Mar Brasil\\Área de Trabalho\\Nova pasta\\mar-brasil-academy\\prisma\\schema.prisma.test"
2026-02-08T18:18:30.696198Z  INFO tailwindcss_oxide::scanner: Reading "C:\\Users\\Supervisor\\OneDrive - Mar Brasil\\Área de Trabalho\\Nova pasta\\mar-brasil-academy\\src\\app\\signup\\page.tsx"
2026-02-08T18:18:30.696460Z  INFO tailwindcss_oxide::scanner: Reading "C:\\Users\\Supervisor\\OneDrive - Mar Brasil\\Área de Trabalho\\Nova pasta\\mar-brasil-academy\\src\\components\\Navbar.tsx"
2026-02-08T18:18:30.696476Z  INFO tailwindcss_oxide::scanner: Reading "C:\\Users\\Supervisor\\OneDrive - Mar Brasil\\Área de Trabalho\\Nova pasta\\mar-brasil-academy\\prisma\\schema.prisma.test2"
2026-02-08T18:18:30.696719Z  INFO tailwindcss_oxide::scanner: Reading "C:\\Users\\Supervisor\\OneDrive - Mar Brasil\\Área de Trabalho\\Nova pasta\\mar-brasil-academy\\test_output.txt"
2026-02-08T18:18:30.696733Z  INFO tailwindcss_oxide::scanner: Reading "C:\\Users\\Supervisor\\OneDrive - Mar Brasil\\Área de Trabalho\\Nova pasta\\mar-brasil-academy\\test-db.js"
2026-02-08T18:18:30.696847Z  INFO tailwindcss_oxide::scanner: Reading "C:\\Users\\Supervisor\\OneDrive - Mar Brasil\\Área de Trabalho\\Nova pasta\\mar-brasil-academy\\src\\lib\\prisma.ts"
2026-02-08T18:18:30.696940Z  INFO tailwindcss_oxide::scanner: Reading "C:\\Users\\Supervisor\\OneDrive - Mar Brasil\\Área de Trabalho\\Nova pasta\\mar-brasil-academy\\src\\app\\watch\\[id]\\page.tsx"
2026-02-08T18:18:30.696956Z  INFO tailwindcss_oxide::scanner: Reading "C:\\Users\\Supervisor\\OneDrive - Mar Brasil\\Área de Trabalho\\Nova pasta\\mar-brasil-academy\\src\\components\\admin\\Sidebar.tsx"
2026-02-08T18:18:30.697118Z  INFO tailwindcss_oxide::scanner: Reading "C:\\Users\\Supervisor\\OneDrive - Mar Brasil\\Área de Trabalho\\Nova pasta\\mar-brasil-academy\\src\\app\\api\\videos\\route.ts"
2026-02-08T18:18:30.697149Z  INFO tailwindcss_oxide::scanner: Reading "C:\\Users\\Supervisor\\OneDrive - Mar Brasil\\Área de Trabalho\\Nova pasta\\mar-brasil-academy\\tsconfig.json"
2026-02-08T18:18:30.697173Z  INFO tailwindcss_oxide::scanner: Reading "C:\\Users\\Supervisor\\OneDrive - Mar Brasil\\Área de Trabalho\\Nova pasta\\mar-brasil-academy\\src\\app\\api\\auth\\signin\\route.ts"
2026-02-08T18:18:30.697317Z  INFO tailwindcss_oxide::scanner: Reading "C:\\Users\\Supervisor\\OneDrive - Mar Brasil\\Área de Trabalho\\Nova pasta\\mar-brasil-academy\\src\\components\\ThemeProvider.tsx"
2026-02-08T18:18:30.697533Z  INFO tailwindcss_oxide::scanner: Reading "C:\\Users\\Supervisor\\OneDrive - Mar Brasil\\Área de Trabalho\\Nova pasta\\mar-brasil-academy\\src\\app\\admin\\playlists\\[id]\\edit\\page.tsx"
2026-02-08T18:18:30.697703Z  INFO tailwindcss_oxide::scanner: Reading "C:\\Users\\Supervisor\\OneDrive - Mar Brasil\\Área de Trabalho\\Nova pasta\\mar-brasil-academy\\src\\app\\admin\\page.tsx"
2026-02-08T18:18:30.697671Z  INFO tailwindcss_oxide::scanner: Reading "C:\\Users\\Supervisor\\OneDrive - Mar Brasil\\Área de Trabalho\\Nova pasta\\mar-brasil-academy\\src\\app\\admin\\users\\page.tsx"
2026-02-08T18:18:30.697923Z  INFO tailwindcss_oxide::scanner: Reading "C:\\Users\\Supervisor\\OneDrive - Mar Brasil\\Área de Trabalho\\Nova pasta\\mar-brasil-academy\\src\\app\\admin\\videos\\page.tsx"
2026-02-08T18:18:30.697955Z  INFO tailwindcss_oxide::scanner: Reading "C:\\Users\\Supervisor\\OneDrive - Mar Brasil\\Área de Trabalho\\Nova pasta\\mar-brasil-academy\\src\\app\\admin\\playlists\\page.tsx"
2026-02-08T18:18:30.698023Z  INFO tailwindcss_oxide::scanner: Reading "C:\\Users\\Supervisor\\OneDrive - Mar Brasil\\Área de Trabalho\\Nova pasta\\mar-brasil-academy\\src\\app\\admin\\videos\\new\\page.tsx"
2026-02-08T18:18:30.698200Z  INFO tailwindcss_oxide::scanner: Reading "C:\\Users\\Supervisor\\OneDrive - Mar Brasil\\Área de Trabalho\\Nova pasta\\mar-brasil-academy\\src\\app\\api\\admin\\stats\\route.ts"
2026-02-08T18:18:30.696173Z  INFO tailwindcss_oxide::scanner: Reading "C:\\Users\\Supervisor\\OneDrive - Mar Brasil\\Área de Trabalho\\Nova pasta\\mar-brasil-academy\\src\\components\\player\\YouTubePlayer.tsx"
2026-02-08T18:18:30.698065Z  INFO tailwindcss_oxide::scanner: Reading "C:\\Users\\Supervisor\\OneDrive - Mar Brasil\\Área de Trabalho\\Nova pasta\\mar-brasil-academy\\src\\app\\api\\admin\\playlists\\route.ts"
2026-02-08T18:18:30.698362Z  INFO tailwindcss_oxide::scanner: Reading "C:\\Users\\Supervisor\\OneDrive - Mar Brasil\\Área de Trabalho\\Nova pasta\\mar-brasil-academy\\src\\app\\admin\\videos\\[id]\\edit\\page.tsx"
2026-02-08T18:18:30.698506Z  INFO tailwindcss_oxide::scanner: Reading "C:\\Users\\Supervisor\\OneDrive - Mar Brasil\\Área de Trabalho\\Nova pasta\\mar-brasil-academy\\src\\app\\api\\admin\\users\\route.ts"
2026-02-08T18:18:30.698619Z  INFO tailwindcss_oxide::scanner: Reading "C:\\Users\\Supervisor\\OneDrive - Mar Brasil\\Área de Trabalho\\Nova pasta\\mar-brasil-academy\\src\\app\\api\\admin\\playlists\\[id]\\route.ts"
2026-02-08T18:18:30.698817Z  INFO tailwindcss_oxide::scanner: Reading "C:\\Users\\Supervisor\\OneDrive - Mar Brasil\\Área de Trabalho\\Nova pasta\\mar-brasil-academy\\src\\app\\api\\admin\\videos\\[id]\\quiz\\route.ts"
2026-02-08T18:18:30.698863Z  INFO tailwindcss_oxide::scanner: Reading "C:\\Users\\Supervisor\\OneDrive - Mar Brasil\\Área de Trabalho\\Nova pasta\\mar-brasil-academy\\seed_error.txt"
2026-02-08T18:18:30.699014Z  INFO tailwindcss_oxide::scanner: Reading "C:\\Users\\Supervisor\\OneDrive - Mar Brasil\\Área de Trabalho\\Nova pasta\\mar-brasil-academy\\push_debug_full.txt"
2026-02-08T18:18:30.699221Z  INFO tailwindcss_oxide::scanner: Reading "C:\\Users\\Supervisor\\OneDrive - Mar Brasil\\Área de Trabalho\\Nova pasta\\mar-brasil-academy\\README.md"
2026-02-08T18:18:30.699086Z  INFO tailwindcss_oxide::scanner: Reading "C:\\Users\\Supervisor\\OneDrive - Mar Brasil\\Área de Trabalho\\Nova pasta\\mar-brasil-academy\\src\\app\\admin\\departments\\page.tsx"
2026-02-08T18:18:30.699326Z  INFO tailwindcss_oxide::scanner: Reading "C:\\Users\\Supervisor\\OneDrive - Mar Brasil\\Área de Trabalho\\Nova pasta\\mar-brasil-academy\\push_result.txt"
2026-02-08T18:18:30.699129Z  INFO tailwindcss_oxide::scanner: Reading "C:\\Users\\Supervisor\\OneDrive - Mar Brasil\\Área de Trabalho\\Nova pasta\\mar-brasil-academy\\src\\components\\ThemeToggle.tsx"
2026-02-08T18:18:30.699180Z  INFO tailwindcss_oxide::scanner: Reading "C:\\Users\\Supervisor\\OneDrive - Mar Brasil\\Área de Trabalho\\Nova pasta\\mar-brasil-academy\\src\\app\\admin\\playlists\\new\\page.tsx"
2026-02-08T18:18:30.699220Z  INFO tailwindcss_oxide::scanner: Reading "C:\\Users\\Supervisor\\OneDrive - Mar Brasil\\Área de Trabalho\\Nova pasta\\mar-brasil-academy\\src\\components\\admin\\UserSelectorModal.tsx"
2026-02-08T18:18:30.698488Z  INFO tailwindcss_oxide::scanner: Reading "C:\\Users\\Supervisor\\OneDrive - Mar Brasil\\Área de Trabalho\\Nova pasta\\mar-brasil-academy\\src\\app\\admin\\videos\\[id]\\quiz\\page.tsx"
2026-02-08T18:18:30.699098Z  INFO tailwindcss_oxide::scanner: Reading "C:\\Users\\Supervisor\\OneDrive - Mar Brasil\\Área de Trabalho\\Nova pasta\\mar-brasil-academy\\src\\app\\admin\\layout.tsx"
2026-02-08T18:18:30.698223Z  INFO tailwindcss_oxide::scanner: Reading "C:\\Users\\Supervisor\\OneDrive - Mar Brasil\\Área de Trabalho\\Nova pasta\\mar-brasil-academy\\src\\app\\api\\admin\\users\\[id]\\route.ts"
2026-02-08T18:18:30.699703Z  INFO tailwindcss_oxide::scanner: Reading "C:\\Users\\Supervisor\\OneDrive - Mar Brasil\\Área de Trabalho\\Nova pasta\\mar-brasil-academy\\src\\app\\api\\admin\\videos\\route.ts"
2026-02-08T18:18:30.700187Z  INFO extract_candidates:read_all_files: tailwindcss_oxide::scanner: exit
2026-02-08T18:18:30.700257Z  INFO extract_candidates:parse_all_blobs: tailwindcss_oxide::scanner: enter
2026-02-08T18:18:30.700283Z  INFO extract_candidates:parse_all_blobs:extract: tailwindcss_oxide::scanner: enter
2026-02-08T18:18:30.713129Z  INFO extract_candidates:parse_all_blobs:extract: tailwindcss_oxide::scanner: exit
2026-02-08T18:18:30.714021Z  INFO extract_candidates:parse_all_blobs: tailwindcss_oxide::scanner: exit
2026-02-08T18:18:30.714103Z  INFO extract_candidates:read_all_files: tailwindcss_oxide::scanner: enter
2026-02-08T18:18:30.714127Z  INFO extract_candidates:read_all_files: tailwindcss_oxide::scanner: Reading 1 file(s)
2026-02-08T18:18:30.715539Z  INFO extract_candidates:read_all_files: tailwindcss_oxide::scanner: Reading "C:\\Users\\Supervisor\\OneDrive - Mar Brasil\\Área de Trabalho\\Nova pasta\\mar-brasil-academy\\src\\app\\globals.css"
2026-02-08T18:18:30.715608Z  INFO extract_candidates:read_all_files: tailwindcss_oxide::scanner: exit
2026-02-08T18:18:30.715657Z  INFO extract_candidates:extract_css_variables: tailwindcss_oxide::scanner: enter
2026-02-08T18:18:30.715681Z  INFO extract_candidates:extract_css_variables:extract: tailwindcss_oxide::scanner: enter
2026-02-08T18:18:30.716196Z  INFO extract_candidates:extract_css_variables:extract: tailwindcss_oxide::scanner: exit
2026-02-08T18:18:30.716241Z  INFO extract_candidates:extract_css_variables: tailwindcss_oxide::scanner: exit
2026-02-08T18:18:30.719153Z  INFO extract_candidates: tailwindcss_oxide::scanner: exit
2026-02-08T18:18:30.722434Z  INFO get_files: tailwindcss_oxide::scanner: enter
2026-02-08T18:18:30.722508Z  INFO get_files:scan_sources: tailwindcss_oxide::scanner: enter
2026-02-08T18:18:30.734612Z  INFO get_files:scan_sources: tailwindcss_oxide::scanner: Discovering "C:\\Users\\Supervisor\\OneDrive - Mar Brasil\\Área de Trabalho\\Nova pasta\\mar-brasil-academy\\prisma"
2026-02-08T18:18:30.737584Z  INFO get_files:scan_sources: tailwindcss_oxide::scanner: Discovering "C:\\Users\\Supervisor\\OneDrive - Mar Brasil\\Área de Trabalho\\Nova pasta\\mar-brasil-academy\\public"
2026-02-08T18:18:30.739342Z  INFO get_files:scan_sources: tailwindcss_oxide::scanner: Discovering "C:\\Users\\Supervisor\\OneDrive - Mar Brasil\\Área de Trabalho\\Nova pasta\\mar-brasil-academy\\public\\thumbnails"
2026-02-08T18:18:30.742142Z  INFO get_files:scan_sources: tailwindcss_oxide::scanner: Discovering "C:\\Users\\Supervisor\\OneDrive - Mar Brasil\\Área de Trabalho\\Nova pasta\\mar-brasil-academy\\src"
2026-02-08T18:18:30.743095Z  INFO get_files:scan_sources: tailwindcss_oxide::scanner: Discovering "C:\\Users\\Supervisor\\OneDrive - Mar Brasil\\Área de Trabalho\\Nova pasta\\mar-brasil-academy\\src\\app"
2026-02-08T18:18:30.744184Z  INFO get_files:scan_sources: tailwindcss_oxide::scanner: Discovering "C:\\Users\\Supervisor\\OneDrive - Mar Brasil\\Área de Trabalho\\Nova pasta\\mar-brasil-academy\\src\\app\\admin"
2026-02-08T18:18:30.745486Z  INFO get_files:scan_sources: tailwindcss_oxide::scanner: Discovering "C:\\Users\\Supervisor\\OneDrive - Mar Brasil\\Área de Trabalho\\Nova pasta\\mar-brasil-academy\\src\\app\\admin\\departments"
2026-02-08T18:18:30.747277Z  INFO get_files:scan_sources: tailwindcss_oxide::scanner: Discovering "C:\\Users\\Supervisor\\OneDrive - Mar Brasil\\Área de Trabalho\\Nova pasta\\mar-brasil-academy\\src\\app\\admin\\playlists"
2026-02-08T18:18:30.748605Z  INFO get_files:scan_sources: tailwindcss_oxide::scanner: Discovering "C:\\Users\\Supervisor\\OneDrive - Mar Brasil\\Área de Trabalho\\Nova pasta\\mar-brasil-academy\\src\\app\\admin\\playlists\\new"
2026-02-08T18:18:30.750228Z  INFO get_files:scan_sources: tailwindcss_oxide::scanner: Discovering "C:\\Users\\Supervisor\\OneDrive - Mar Brasil\\Área de Trabalho\\Nova pasta\\mar-brasil-academy\\src\\app\\admin\\playlists\\[id]"
2026-02-08T18:18:30.751206Z  INFO get_files:scan_sources: tailwindcss_oxide::scanner: Discovering "C:\\Users\\Supervisor\\OneDrive - Mar Brasil\\Área de Trabalho\\Nova pasta\\mar-brasil-academy\\src\\app\\admin\\playlists\\[id]\\edit"
2026-02-08T18:18:30.752907Z  INFO get_files:scan_sources: tailwindcss_oxide::scanner: Discovering "C:\\Users\\Supervisor\\OneDrive - Mar Brasil\\Área de Trabalho\\Nova pasta\\mar-brasil-academy\\src\\app\\admin\\users"
2026-02-08T18:18:30.754401Z  INFO get_files:scan_sources: tailwindcss_oxide::scanner: Discovering "C:\\Users\\Supervisor\\OneDrive - Mar Brasil\\Área de Trabalho\\Nova pasta\\mar-brasil-academy\\src\\app\\admin\\videos"
2026-02-08T18:18:30.755434Z  INFO get_files:scan_sources: tailwindcss_oxide::scanner: Discovering "C:\\Users\\Supervisor\\OneDrive - Mar Brasil\\Área de Trabalho\\Nova pasta\\mar-brasil-academy\\src\\app\\admin\\videos\\new"
2026-02-08T18:18:30.757634Z  INFO get_files:scan_sources: tailwindcss_oxide::scanner: Discovering "C:\\Users\\Supervisor\\OneDrive - Mar Brasil\\Área de Trabalho\\Nova pasta\\mar-brasil-academy\\src\\app\\admin\\videos\\[id]"
2026-02-08T18:18:30.758792Z  INFO get_files:scan_sources: tailwindcss_oxide::scanner: Discovering "C:\\Users\\Supervisor\\OneDrive - Mar Brasil\\Área de Trabalho\\Nova pasta\\mar-brasil-academy\\src\\app\\admin\\videos\\[id]\\edit"
2026-02-08T18:18:30.760214Z  INFO get_files:scan_sources: tailwindcss_oxide::scanner: Discovering "C:\\Users\\Supervisor\\OneDrive - Mar Brasil\\Área de Trabalho\\Nova pasta\\mar-brasil-academy\\src\\app\\admin\\videos\\[id]\\quiz"
2026-02-08T18:18:30.762009Z  INFO get_files:scan_sources: tailwindcss_oxide::scanner: Discovering "C:\\Users\\Supervisor\\OneDrive - Mar Brasil\\Área de Trabalho\\Nova pasta\\mar-brasil-academy\\src\\app\\api"
2026-02-08T18:18:30.763042Z  INFO get_files:scan_sources: tailwindcss_oxide::scanner: Discovering "C:\\Users\\Supervisor\\OneDrive - Mar Brasil\\Área de Trabalho\\Nova pasta\\mar-brasil-academy\\src\\app\\api\\admin"
2026-02-08T18:18:30.763943Z  INFO get_files:scan_sources: tailwindcss_oxide::scanner: Discovering "C:\\Users\\Supervisor\\OneDrive - Mar Brasil\\Área de Trabalho\\Nova pasta\\mar-brasil-academy\\src\\app\\api\\admin\\departments"
2026-02-08T18:18:30.765013Z  INFO get_files:scan_sources: tailwindcss_oxide::scanner: Discovering "C:\\Users\\Supervisor\\OneDrive - Mar Brasil\\Área de Trabalho\\Nova pasta\\mar-brasil-academy\\src\\app\\api\\admin\\departments\\[id]"
2026-02-08T18:18:30.766235Z  INFO get_files:scan_sources: tailwindcss_oxide::scanner: Discovering "C:\\Users\\Supervisor\\OneDrive - Mar Brasil\\Área de Trabalho\\Nova pasta\\mar-brasil-academy\\src\\app\\api\\admin\\playlists"
2026-02-08T18:18:30.767257Z  INFO get_files:scan_sources: tailwindcss_oxide::scanner: Discovering "C:\\Users\\Supervisor\\OneDrive - Mar Brasil\\Área de Trabalho\\Nova pasta\\mar-brasil-academy\\src\\app\\api\\admin\\playlists\\[id]"
2026-02-08T18:18:30.768805Z  INFO get_files:scan_sources: tailwindcss_oxide::scanner: Discovering "C:\\Users\\Supervisor\\OneDrive - Mar Brasil\\Área de Trabalho\\Nova pasta\\mar-brasil-academy\\src\\app\\api\\admin\\stats"
2026-02-08T18:18:30.769989Z  INFO get_files:scan_sources: tailwindcss_oxide::scanner: Discovering "C:\\Users\\Supervisor\\OneDrive - Mar Brasil\\Área de Trabalho\\Nova pasta\\mar-brasil-academy\\src\\app\\api\\admin\\users"
2026-02-08T18:18:30.771313Z  INFO get_files:scan_sources: tailwindcss_oxide::scanner: Discovering "C:\\Users\\Supervisor\\OneDrive - Mar Brasil\\Área de Trabalho\\Nova pasta\\mar-brasil-academy\\src\\app\\api\\admin\\users\\[id]"
2026-02-08T18:18:30.773005Z  INFO get_files:scan_sources: tailwindcss_oxide::scanner: Discovering "C:\\Users\\Supervisor\\OneDrive - Mar Brasil\\Área de Trabalho\\Nova pasta\\mar-brasil-academy\\src\\app\\api\\admin\\videos"
2026-02-08T18:18:30.774233Z  INFO get_files:scan_sources: tailwindcss_oxide::scanner: Discovering "C:\\Users\\Supervisor\\OneDrive - Mar Brasil\\Área de Trabalho\\Nova pasta\\mar-brasil-academy\\src\\app\\api\\admin\\videos\\[id]"
2026-02-08T18:18:30.775258Z  INFO get_files:scan_sources: tailwindcss_oxide::scanner: Discovering "C:\\Users\\Supervisor\\OneDrive - Mar Brasil\\Área de Trabalho\\Nova pasta\\mar-brasil-academy\\src\\app\\api\\admin\\videos\\[id]\\quiz"
2026-02-08T18:18:30.777311Z  INFO get_files:scan_sources: tailwindcss_oxide::scanner: Discovering "C:\\Users\\Supervisor\\OneDrive - Mar Brasil\\Área de Trabalho\\Nova pasta\\mar-brasil-academy\\src\\app\\api\\auth"
2026-02-08T18:18:30.778125Z  INFO get_files:scan_sources: tailwindcss_oxide::scanner: Discovering "C:\\Users\\Supervisor\\OneDrive - Mar Brasil\\Área de Trabalho\\Nova pasta\\mar-brasil-academy\\src\\app\\api\\auth\\me"
2026-02-08T18:18:30.779346Z  INFO get_files:scan_sources: tailwindcss_oxide::scanner: Discovering "C:\\Users\\Supervisor\\OneDrive - Mar Brasil\\Área de Trabalho\\Nova pasta\\mar-brasil-academy\\src\\app\\api\\auth\\signin"
2026-02-08T18:18:30.780498Z  INFO get_files:scan_sources: tailwindcss_oxide::scanner: Discovering "C:\\Users\\Supervisor\\OneDrive - Mar Brasil\\Área de Trabalho\\Nova pasta\\mar-brasil-academy\\src\\app\\api\\auth\\signout"
2026-02-08T18:18:30.781817Z  INFO get_files:scan_sources: tailwindcss_oxide::scanner: Discovering "C:\\Users\\Supervisor\\OneDrive - Mar Brasil\\Área de Trabalho\\Nova pasta\\mar-brasil-academy\\src\\app\\api\\auth\\signup"
2026-02-08T18:18:30.783027Z  INFO get_files:scan_sources: tailwindcss_oxide::scanner: Discovering "C:\\Users\\Supervisor\\OneDrive - Mar Brasil\\Área de Trabalho\\Nova pasta\\mar-brasil-academy\\src\\app\\api\\playlists"
2026-02-08T18:18:30.784208Z  INFO get_files:scan_sources: tailwindcss_oxide::scanner: Discovering "C:\\Users\\Supervisor\\OneDrive - Mar Brasil\\Área de Trabalho\\Nova pasta\\mar-brasil-academy\\src\\app\\api\\test-db"
2026-02-08T18:18:30.785674Z  INFO get_files:scan_sources: tailwindcss_oxide::scanner: Discovering "C:\\Users\\Supervisor\\OneDrive - Mar Brasil\\Área de Trabalho\\Nova pasta\\mar-brasil-academy\\src\\app\\api\\video-progress"
2026-02-08T18:18:30.787085Z  INFO get_files:scan_sources: tailwindcss_oxide::scanner: Discovering "C:\\Users\\Supervisor\\OneDrive - Mar Brasil\\Área de Trabalho\\Nova pasta\\mar-brasil-academy\\src\\app\\api\\videos"
2026-02-08T18:18:30.788362Z  INFO get_files:scan_sources: tailwindcss_oxide::scanner: Discovering "C:\\Users\\Supervisor\\OneDrive - Mar Brasil\\Área de Trabalho\\Nova pasta\\mar-brasil-academy\\src\\app\\api\\videos\\[id]"
2026-02-08T18:18:30.789689Z  INFO get_files:scan_sources: tailwindcss_oxide::scanner: Discovering "C:\\Users\\Supervisor\\OneDrive - Mar Brasil\\Área de Trabalho\\Nova pasta\\mar-brasil-academy\\src\\app\\api\\videos\\[id]\\submit-quiz"
2026-02-08T18:18:30.792051Z  INFO get_files:scan_sources: tailwindcss_oxide::scanner: Discovering "C:\\Users\\Supervisor\\OneDrive - Mar Brasil\\Área de Trabalho\\Nova pasta\\mar-brasil-academy\\src\\app\\signin"
2026-02-08T18:18:30.793721Z  INFO get_files:scan_sources: tailwindcss_oxide::scanner: Discovering "C:\\Users\\Supervisor\\OneDrive - Mar Brasil\\Área de Trabalho\\Nova pasta\\mar-brasil-academy\\src\\app\\signup"
2026-02-08T18:18:30.795123Z  INFO get_files:scan_sources: tailwindcss_oxide::scanner: Discovering "C:\\Users\\Supervisor\\OneDrive - Mar Brasil\\Área de Trabalho\\Nova pasta\\mar-brasil-academy\\src\\app\\watch"
2026-02-08T18:18:30.796168Z  INFO get_files:scan_sources: tailwindcss_oxide::scanner: Discovering "C:\\Users\\Supervisor\\OneDrive - Mar Brasil\\Área de Trabalho\\Nova pasta\\mar-brasil-academy\\src\\app\\watch\\[id]"
2026-02-08T18:18:30.798192Z  INFO get_files:scan_sources: tailwindcss_oxide::scanner: Discovering "C:\\Users\\Supervisor\\OneDrive - Mar Brasil\\Área de Trabalho\\Nova pasta\\mar-brasil-academy\\src\\components"
2026-02-08T18:18:30.799374Z  INFO get_files:scan_sources: tailwindcss_oxide::scanner: Discovering "C:\\Users\\Supervisor\\OneDrive - Mar Brasil\\Área de Trabalho\\Nova pasta\\mar-brasil-academy\\src\\components\\admin"
2026-02-08T18:18:30.801401Z  INFO get_files:scan_sources: tailwindcss_oxide::scanner: Discovering "C:\\Users\\Supervisor\\OneDrive - Mar Brasil\\Área de Trabalho\\Nova pasta\\mar-brasil-academy\\src\\components\\player"
2026-02-08T18:18:30.803115Z  INFO get_files:scan_sources: tailwindcss_oxide::scanner: Discovering "C:\\Users\\Supervisor\\OneDrive - Mar Brasil\\Área de Trabalho\\Nova pasta\\mar-brasil-academy\\src\\lib"
2026-02-08T18:18:30.804703Z  INFO get_files:scan_sources: tailwindcss_oxide::scanner: exit
2026-02-08T18:18:30.805394Z  INFO get_files: tailwindcss_oxide::scanner: exit
2026-02-08T18:18:30.811871Z  INFO get_globs: tailwindcss_oxide::scanner: enter
2026-02-08T18:18:30.811941Z  INFO get_globs:scan_sources: tailwindcss_oxide::scanner: enter
2026-02-08T18:18:30.828940Z  INFO get_globs:scan_sources: tailwindcss_oxide::scanner: Discovering "C:\\Users\\Supervisor\\OneDrive - Mar Brasil\\Área de Trabalho\\Nova pasta\\mar-brasil-academy\\prisma"
2026-02-08T18:18:30.833004Z  INFO get_globs:scan_sources: tailwindcss_oxide::scanner: Discovering "C:\\Users\\Supervisor\\OneDrive - Mar Brasil\\Área de Trabalho\\Nova pasta\\mar-brasil-academy\\public"
2026-02-08T18:18:30.835974Z  INFO get_globs:scan_sources: tailwindcss_oxide::scanner: Discovering "C:\\Users\\Supervisor\\OneDrive - Mar Brasil\\Área de Trabalho\\Nova pasta\\mar-brasil-academy\\public\\thumbnails"
2026-02-08T18:18:30.839112Z  INFO get_globs:scan_sources: tailwindcss_oxide::scanner: Discovering "C:\\Users\\Supervisor\\OneDrive - Mar Brasil\\Área de Trabalho\\Nova pasta\\mar-brasil-academy\\src"
2026-02-08T18:18:30.840084Z  INFO get_globs:scan_sources: tailwindcss_oxide::scanner: Discovering "C:\\Users\\Supervisor\\OneDrive - Mar Brasil\\Área de Trabalho\\Nova pasta\\mar-brasil-academy\\src\\app"
2026-02-08T18:18:30.841164Z  INFO get_globs:scan_sources: tailwindcss_oxide::scanner: Discovering "C:\\Users\\Supervisor\\OneDrive - Mar Brasil\\Área de Trabalho\\Nova pasta\\mar-brasil-academy\\src\\app\\admin"
2026-02-08T18:18:30.841879Z  INFO get_globs:scan_sources: tailwindcss_oxide::scanner: Discovering "C:\\Users\\Supervisor\\OneDrive - Mar Brasil\\Área de Trabalho\\Nova pasta\\mar-brasil-academy\\src\\app\\admin\\departments"
2026-02-08T18:18:30.845113Z  INFO get_globs:scan_sources: tailwindcss_oxide::scanner: Discovering "C:\\Users\\Supervisor\\OneDrive - Mar Brasil\\Área de Trabalho\\Nova pasta\\mar-brasil-academy\\src\\app\\admin\\playlists"
2026-02-08T18:18:30.847770Z  INFO get_globs:scan_sources: tailwindcss_oxide::scanner: Discovering "C:\\Users\\Supervisor\\OneDrive - Mar Brasil\\Área de Trabalho\\Nova pasta\\mar-brasil-academy\\src\\app\\admin\\playlists\\new"
2026-02-08T18:18:30.849925Z  INFO get_globs:scan_sources: tailwindcss_oxide::scanner: Discovering "C:\\Users\\Supervisor\\OneDrive - Mar Brasil\\Área de Trabalho\\Nova pasta\\mar-brasil-academy\\src\\app\\admin\\playlists\\[id]"
2026-02-08T18:18:30.850935Z  INFO get_globs:scan_sources: tailwindcss_oxide::scanner: Discovering "C:\\Users\\Supervisor\\OneDrive - Mar Brasil\\Área de Trabalho\\Nova pasta\\mar-brasil-academy\\src\\app\\admin\\playlists\\[id]\\edit"
2026-02-08T18:18:30.852874Z  INFO get_globs:scan_sources: tailwindcss_oxide::scanner: Discovering "C:\\Users\\Supervisor\\OneDrive - Mar Brasil\\Área de Trabalho\\Nova pasta\\mar-brasil-academy\\src\\app\\admin\\users"
2026-02-08T18:18:30.854326Z  INFO get_globs:scan_sources: tailwindcss_oxide::scanner: Discovering "C:\\Users\\Supervisor\\OneDrive - Mar Brasil\\Área de Trabalho\\Nova pasta\\mar-brasil-academy\\src\\app\\admin\\videos"
2026-02-08T18:18:30.855476Z  INFO get_globs:scan_sources: tailwindcss_oxide::scanner: Discovering "C:\\Users\\Supervisor\\OneDrive - Mar Brasil\\Área de Trabalho\\Nova pasta\\mar-brasil-academy\\src\\app\\admin\\videos\\new"
2026-02-08T18:18:30.856560Z  INFO get_globs:scan_sources: tailwindcss_oxide::scanner: Discovering "C:\\Users\\Supervisor\\OneDrive - Mar Brasil\\Área de Trabalho\\Nova pasta\\mar-brasil-academy\\src\\app\\admin\\videos\\[id]"
2026-02-08T18:18:30.857772Z  INFO get_globs:scan_sources: tailwindcss_oxide::scanner: Discovering "C:\\Users\\Supervisor\\OneDrive - Mar Brasil\\Área de Trabalho\\Nova pasta\\mar-brasil-academy\\src\\app\\admin\\videos\\[id]\\edit"
2026-02-08T18:18:30.859224Z  INFO get_globs:scan_sources: tailwindcss_oxide::scanner: Discovering "C:\\Users\\Supervisor\\OneDrive - Mar Brasil\\Área de Trabalho\\Nova pasta\\mar-brasil-academy\\src\\app\\admin\\videos\\[id]\\quiz"
2026-02-08T18:18:30.861162Z  INFO get_globs:scan_sources: tailwindcss_oxide::scanner: Discovering "C:\\Users\\Supervisor\\OneDrive - Mar Brasil\\Área de Trabalho\\Nova pasta\\mar-brasil-academy\\src\\app\\api"
2026-02-08T18:18:30.862427Z  INFO get_globs:scan_sources: tailwindcss_oxide::scanner: Discovering "C:\\Users\\Supervisor\\OneDrive - Mar Brasil\\Área de Trabalho\\Nova pasta\\mar-brasil-academy\\src\\app\\api\\admin"
2026-02-08T18:18:30.863665Z  INFO get_globs:scan_sources: tailwindcss_oxide::scanner: Discovering "C:\\Users\\Supervisor\\OneDrive - Mar Brasil\\Área de Trabalho\\Nova pasta\\mar-brasil-academy\\src\\app\\api\\admin\\departments"
2026-02-08T18:18:30.865000Z  INFO get_globs:scan_sources: tailwindcss_oxide::scanner: Discovering "C:\\Users\\Supervisor\\OneDrive - Mar Brasil\\Área de Trabalho\\Nova pasta\\mar-brasil-academy\\src\\app\\api\\admin\\departments\\[id]"
2026-02-08T18:18:30.866985Z  INFO get_globs:scan_sources: tailwindcss_oxide::scanner: Discovering "C:\\Users\\Supervisor\\OneDrive - Mar Brasil\\Área de Trabalho\\Nova pasta\\mar-brasil-academy\\src\\app\\api\\admin\\playlists"
2026-02-08T18:18:30.868561Z  INFO get_globs:scan_sources: tailwindcss_oxide::scanner: Discovering "C:\\Users\\Supervisor\\OneDrive - Mar Brasil\\Área de Trabalho\\Nova pasta\\mar-brasil-academy\\src\\app\\api\\admin\\playlists\\[id]"
2026-02-08T18:18:30.870348Z  INFO get_globs:scan_sources: tailwindcss_oxide::scanner: Discovering "C:\\Users\\Supervisor\\OneDrive - Mar Brasil\\Área de Trabalho\\Nova pasta\\mar-brasil-academy\\src\\app\\api\\admin\\stats"
2026-02-08T18:18:30.872021Z  INFO get_globs:scan_sources: tailwindcss_oxide::scanner: Discovering "C:\\Users\\Supervisor\\OneDrive - Mar Brasil\\Área de Trabalho\\Nova pasta\\mar-brasil-academy\\src\\app\\api\\admin\\users"
2026-02-08T18:18:30.873665Z  INFO get_globs:scan_sources: tailwindcss_oxide::scanner: Discovering "C:\\Users\\Supervisor\\OneDrive - Mar Brasil\\Área de Trabalho\\Nova pasta\\mar-brasil-academy\\src\\app\\api\\admin\\users\\[id]"
2026-02-08T18:18:30.875156Z  INFO get_globs:scan_sources: tailwindcss_oxide::scanner: Discovering "C:\\Users\\Supervisor\\OneDrive - Mar Brasil\\Área de Trabalho\\Nova pasta\\mar-brasil-academy\\src\\app\\api\\admin\\videos"
2026-02-08T18:18:30.876429Z  INFO get_globs:scan_sources: tailwindcss_oxide::scanner: Discovering "C:\\Users\\Supervisor\\OneDrive - Mar Brasil\\Área de Trabalho\\Nova pasta\\mar-brasil-academy\\src\\app\\api\\admin\\videos\\[id]"
2026-02-08T18:18:30.877604Z  INFO get_globs:scan_sources: tailwindcss_oxide::scanner: Discovering "C:\\Users\\Supervisor\\OneDrive - Mar Brasil\\Área de Trabalho\\Nova pasta\\mar-brasil-academy\\src\\app\\api\\admin\\videos\\[id]\\quiz"
2026-02-08T18:18:30.879835Z  INFO get_globs:scan_sources: tailwindcss_oxide::scanner: Discovering "C:\\Users\\Supervisor\\OneDrive - Mar Brasil\\Área de Trabalho\\Nova pasta\\mar-brasil-academy\\src\\app\\api\\auth"
2026-02-08T18:18:30.880816Z  INFO get_globs:scan_sources: tailwindcss_oxide::scanner: Discovering "C:\\Users\\Supervisor\\OneDrive - Mar Brasil\\Área de Trabalho\\Nova pasta\\mar-brasil-academy\\src\\app\\api\\auth\\me"
2026-02-08T18:18:30.882421Z  INFO get_globs:scan_sources: tailwindcss_oxide::scanner: Discovering "C:\\Users\\Supervisor\\OneDrive - Mar Brasil\\Área de Trabalho\\Nova pasta\\mar-brasil-academy\\src\\app\\api\\auth\\signin"
2026-02-08T18:18:30.884148Z  INFO get_globs:scan_sources: tailwindcss_oxide::scanner: Discovering "C:\\Users\\Supervisor\\OneDrive - Mar Brasil\\Área de Trabalho\\Nova pasta\\mar-brasil-academy\\src\\app\\api\\auth\\signout"
2026-02-08T18:18:30.886310Z  INFO get_globs:scan_sources: tailwindcss_oxide::scanner: Discovering "C:\\Users\\Supervisor\\OneDrive - Mar Brasil\\Área de Trabalho\\Nova pasta\\mar-brasil-academy\\src\\app\\api\\auth\\signup"
2026-02-08T18:18:30.888261Z  INFO get_globs:scan_sources: tailwindcss_oxide::scanner: Discovering "C:\\Users\\Supervisor\\OneDrive - Mar Brasil\\Área de Trabalho\\Nova pasta\\mar-brasil-academy\\src\\app\\api\\playlists"
2026-02-08T18:18:30.889788Z  INFO get_globs:scan_sources: tailwindcss_oxide::scanner: Discovering "C:\\Users\\Supervisor\\OneDrive - Mar Brasil\\Área de Trabalho\\Nova pasta\\mar-brasil-academy\\src\\app\\api\\test-db"
2026-02-08T18:18:30.891313Z  INFO get_globs:scan_sources: tailwindcss_oxide::scanner: Discovering "C:\\Users\\Supervisor\\OneDrive - Mar Brasil\\Área de Trabalho\\Nova pasta\\mar-brasil-academy\\src\\app\\api\\video-progress"
2026-02-08T18:18:30.892872Z  INFO get_globs:scan_sources: tailwindcss_oxide::scanner: Discovering "C:\\Users\\Supervisor\\OneDrive - Mar Brasil\\Área de Trabalho\\Nova pasta\\mar-brasil-academy\\src\\app\\api\\videos"
2026-02-08T18:18:30.894135Z  INFO get_globs:scan_sources: tailwindcss_oxide::scanner: Discovering "C:\\Users\\Supervisor\\OneDrive - Mar Brasil\\Área de Trabalho\\Nova pasta\\mar-brasil-academy\\src\\app\\api\\videos\\[id]"
2026-02-08T18:18:30.895603Z  INFO get_globs:scan_sources: tailwindcss_oxide::scanner: Discovering "C:\\Users\\Supervisor\\OneDrive - Mar Brasil\\Área de Trabalho\\Nova pasta\\mar-brasil-academy\\src\\app\\api\\videos\\[id]\\submit-quiz"
2026-02-08T18:18:30.897877Z  INFO get_globs:scan_sources: tailwindcss_oxide::scanner: Discovering "C:\\Users\\Supervisor\\OneDrive - Mar Brasil\\Área de Trabalho\\Nova pasta\\mar-brasil-academy\\src\\app\\signin"
2026-02-08T18:18:30.899162Z  INFO get_globs:scan_sources: tailwindcss_oxide::scanner: Discovering "C:\\Users\\Supervisor\\OneDrive - Mar Brasil\\Área de Trabalho\\Nova pasta\\mar-brasil-academy\\src\\app\\signup"
2026-02-08T18:18:30.900417Z  INFO get_globs:scan_sources: tailwindcss_oxide::scanner: Discovering "C:\\Users\\Supervisor\\OneDrive - Mar Brasil\\Área de Trabalho\\Nova pasta\\mar-brasil-academy\\src\\app\\watch"
2026-02-08T18:18:30.901461Z  INFO get_globs:scan_sources: tailwindcss_oxide::scanner: Discovering "C:\\Users\\Supervisor\\OneDrive - Mar Brasil\\Área de Trabalho\\Nova pasta\\mar-brasil-academy\\src\\app\\watch\\[id]"
2026-02-08T18:18:30.903527Z  INFO get_globs:scan_sources: tailwindcss_oxide::scanner: Discovering "C:\\Users\\Supervisor\\OneDrive - Mar Brasil\\Área de Trabalho\\Nova pasta\\mar-brasil-academy\\src\\components"
2026-02-08T18:18:30.905015Z  INFO get_globs:scan_sources: tailwindcss_oxide::scanner: Discovering "C:\\Users\\Supervisor\\OneDrive - Mar Brasil\\Área de Trabalho\\Nova pasta\\mar-brasil-academy\\src\\components\\admin"
2026-02-08T18:18:30.907803Z  INFO get_globs:scan_sources: tailwindcss_oxide::scanner: Discovering "C:\\Users\\Supervisor\\OneDrive - Mar Brasil\\Área de Trabalho\\Nova pasta\\mar-brasil-academy\\src\\components\\player"
2026-02-08T18:18:30.910431Z  INFO get_globs:scan_sources: tailwindcss_oxide::scanner: Discovering "C:\\Users\\Supervisor\\OneDrive - Mar Brasil\\Área de Trabalho\\Nova pasta\\mar-brasil-academy\\src\\lib"
2026-02-08T18:18:30.912826Z  INFO get_globs:scan_sources: tailwindcss_oxide::scanner: exit
2026-02-08T18:18:30.972134Z  INFO get_globs: tailwindcss_oxide::scanner: exit
